TN:
SF:app/forbidden/page.tsx
FN:3,ForbiddenPage
FNF:1
FNH:1
FNDA:2,ForbiddenPage
DA:1,1
DA:2,1
DA:3,1
DA:4,2
DA:5,2
DA:6,2
DA:7,2
DA:8,2
DA:9,2
DA:10,2
DA:11,2
DA:12,2
DA:13,2
DA:14,2
DA:15,2
DA:16,2
DA:17,2
DA:18,2
DA:19,2
DA:20,2
DA:21,2
LF:21
LH:21
BRDA:3,0,0,2
BRF:1
BRH:1
end_of_record
TN:
SF:lib/authz.ts
FN:20,tryGetRolesClaimFromIdToken
FN:36,getRolesFromUser
FN:42,hasRole
FN:49,isAdmin
FN:53,getSessionUser
FN:70,requireUser
FN:76,requireAdmin
FN:82,getAdmin
FN:88,requireUserOr401
FN:94,requireAdminOr403
FNF:10
FNH:2
FNDA:0,tryGetRolesClaimFromIdToken
FNDA:3,getRolesFromUser
FNDA:3,hasRole
FNDA:0,isAdmin
FNDA:0,getSessionUser
FNDA:0,requireUser
FNDA:0,requireAdmin
FNDA:0,getAdmin
FNDA:0,requireUserOr401
FNDA:0,requireAdminOr403
DA:1,1
DA:2,1
DA:3,1
DA:4,1
DA:5,1
DA:6,1
DA:7,1
DA:8,1
DA:9,1
DA:10,1
DA:11,1
DA:12,1
DA:13,1
DA:14,1
DA:15,1
DA:16,1
DA:17,1
DA:18,1
DA:19,1
DA:20,0
DA:21,0
DA:22,0
DA:23,0
DA:24,0
DA:25,0
DA:26,0
DA:27,0
DA:28,0
DA:29,0
DA:30,0
DA:31,0
DA:32,0
DA:33,0
DA:34,0
DA:35,1
DA:36,1
DA:37,3
DA:38,3
DA:39,1
DA:40,1
DA:41,1
DA:42,1
DA:43,3
DA:44,3
DA:45,3
DA:46,3
DA:47,3
DA:48,1
DA:49,1
DA:50,0
DA:51,0
DA:52,1
DA:53,1
DA:54,0
DA:55,0
DA:56,0
DA:57,0
DA:58,0
DA:59,0
DA:60,0
DA:61,0
DA:62,0
DA:63,0
DA:64,0
DA:65,0
DA:66,0
DA:67,0
DA:68,0
DA:69,1
DA:70,1
DA:71,0
DA:72,0
DA:73,0
DA:74,0
DA:75,1
DA:76,1
DA:77,0
DA:78,0
DA:79,0
DA:80,0
DA:81,1
DA:82,1
DA:83,0
DA:84,0
DA:85,0
DA:86,0
DA:87,1
DA:88,1
DA:89,0
DA:90,0
DA:91,0
DA:92,0
DA:93,1
DA:94,1
DA:95,0
DA:96,0
DA:97,0
DA:98,0
DA:99,0
DA:100,0
LF:100
LH:46
BRDA:36,0,0,3
BRDA:37,1,0,2
BRDA:38,2,0,2
BRDA:38,3,0,1
BRDA:38,4,0,1
BRDA:42,5,0,3
BRF:6
BRH:6
end_of_record
TN:
SF:lib/utils.ts
FN:4,cn
FN:8,formatMoney
FNF:2
FNH:1
FNDA:0,cn
FNDA:2,formatMoney
DA:1,1
DA:2,1
DA:3,1
DA:4,1
DA:5,0
DA:6,0
DA:7,1
DA:8,1
DA:9,2
DA:10,2
DA:11,2
DA:12,2
DA:13,2
DA:14,2
LF:14
LH:12
BRDA:8,0,0,2
BRF:1
BRH:1
end_of_record
